spawning a client {1..3}
SUCCESS:: Transaction file opened!!
SUCCESS:: Client connected to 10.0.2.15 : 8080
SERVER:: Buffer from server:: SUCCESS:: Withdraw:: Latest balance of account 101 :: 104185.226562
Time taken by the function:: 250 microseconds
SERVER:: Buffer from server:: SUCCESS:: Withdraw:: Latest balance of account 102 :: 69456.492188
Time taken by the function:: 641 microseconds
SERVER:: Buffer from server:: SUCCESS:: Withdraw:: Latest balance of account 103 :: 85084.437500
Time taken by the function:: 647 microseconds
SERVER:: Buffer from server:: SUCCESS:: Withdraw:: Latest balance of account 104 :: 109394.531250
Time taken by the function:: 1202 microseconds
SERVER:: Buffer from server:: SUCCESS:: Withdraw:: Latest balance of account 105 :: 36464.183594
Time taken by the function:: 159 microseconds
SERVER:: Buffer from server:: SUCCESS:: Deposit:: Latest balance of account 101 :: 114866.203125
Time taken by the function:: 410 microseconds
SERVER:: Buffer from server:: SUCCESS:: Deposit:: Latest balance of account 102 :: 76577.773438
Time taken by the function:: 116 microseconds
SERVER:: Buffer from server:: SUCCESS:: Deposit:: Latest balance of account 103 :: 93807.585938
Time taken by the function:: 188 microseconds
SERVER:: Buffer from server:: SUCCESS:: Deposit:: Latest balance of account 104 :: 120609.453125
Time taken by the function:: 322 microseconds
SERVER:: Buffer from server:: SUCCESS:: Deposit:: Latest balance of account 105 :: 40203.757812
Time taken by the function:: 251 microseconds
SERVER:: Buffer from server:: SUCCESS:: Withdraw:: Latest balance of account 101 :: 126636.976562
Time taken by the function:: 279 microseconds
SERVER:: Buffer from server:: SUCCESS:: Withdraw:: Latest balance of account 102 :: 84423.984375
Time taken by the function:: 1835 microseconds
SERVER:: Buffer from server:: SUCCESS:: Withdraw:: Latest balance of account 103 :: 103419.851562
Time taken by the function:: 118 microseconds
SERVER:: Buffer from server:: SUCCESS:: Withdraw:: Latest balance of account 104 :: 132968.906250
Time taken by the function:: 305 microseconds
SERVER:: Buffer from server:: SUCCESS:: Withdraw:: Latest balance of account 105 :: 44321.640625
Time taken by the function:: 307 microseconds
spawning a client {1..3}
SUCCESS:: Transaction file opened!!
SUCCESS:: Client connected to 10.0.2.15 : 8080
SERVER:: Buffer from server:: SUCCESS:: Withdraw:: Latest balance of account 101 :: 89999.000000
Time taken by the function:: 294 microseconds
SERVER:: Buffer from server:: SUCCESS:: Withdraw:: Latest balance of account 102 :: 62998.996094
Time taken by the function:: 116 microseconds
SERVER:: Buffer from server:: SUCCESS:: Withdraw:: Latest balance of account 103 :: 73499.000000
Time taken by the function:: 181 microseconds
SERVER:: Buffer from server:: SUCCESS:: Withdraw:: Latest balance of account 104 :: 99223.984375
Time taken by the function:: 208 microseconds
SERVER:: Buffer from server:: SUCCESS:: Withdraw:: Latest balance of account 105 :: 33073.996094
Time taken by the function:: 1859 microseconds
SERVER:: Buffer from server:: SUCCESS:: Deposit:: Latest balance of account 101 :: 99225.890625
Time taken by the function:: 106 microseconds
SERVER:: Buffer from server:: SUCCESS:: Deposit:: Latest balance of account 102 :: 69458.390625
Time taken by the function:: 155 microseconds
SERVER:: Buffer from server:: SUCCESS:: Deposit:: Latest balance of account 103 :: 81034.640625
Time taken by the function:: 261 microseconds
SERVER:: Buffer from server:: SUCCESS:: Deposit:: Latest balance of account 104 :: 109396.437500
Time taken by the function:: 162 microseconds
SERVER:: Buffer from server:: SUCCESS:: Deposit:: Latest balance of account 105 :: 36466.078125
Time taken by the function:: 154 microseconds
SERVER:: Buffer from server:: SUCCESS:: Withdraw:: Latest balance of account 101 :: 109393.531250
Time taken by the function:: 189 microseconds
SERVER:: Buffer from server:: SUCCESS:: Withdraw:: Latest balance of account 102 :: 76574.867188
Time taken by the function:: 180 microseconds
SERVER:: Buffer from server:: SUCCESS:: Withdraw:: Latest balance of account 103 :: 89337.679688
Time taken by the function:: 335 microseconds
SERVER:: Buffer from server:: SUCCESS:: Withdraw:: Latest balance of account 104 :: 120606.562500
Time taken by the function:: 112 microseconds
SERVER:: Buffer from server:: SUCCESS:: Withdraw:: Latest balance of account 105 :: 40200.847656
Time taken by the function:: 209 microseconds
